Arguments: 
  C:\Program Files\nodejs\node.exe C:\Users\juanc\AppData\Roaming\npm\node_modules\yarn\bin\yarn.js add react-navigation

PATH: 
  C:\Users\juanc\bin;C:\Program Files\Git\mingw64\bin;C:\Program Files\Git\usr\local\bin;C:\Program Files\Git\usr\bin;C:\Program Files\Git\usr\bin;C:\Program Files\Git\mingw64\bin;C:\Program Files\Git\usr\bin;C:\Users\juanc\bin;C:\Program Files (x86)\Common Files\Oracle\Java\javapath;C:\WINDOWS\system32;C:\WINDOWS;C:\WINDOWS\System32\Wbem;C:\WINDOWS\System32\WindowsPowerShell\v1.0;C:\WINDOWS\System32\OpenSSH;C:\Go\bin;C:\Users\juanc\OneDrive\Documentos\apache-maven-3.6.1\bin;C:\Users\juanc\AppData\Roaming\nvm;C:\Program Files\nodejs;C:\Ruby26-x64\bin;C:\Users\juanc\AppData\Local\Microsoft\WindowsApps;C:\Users\juanc\go\bin;C:\Program Files\JetBrains\PyCharm Community Edition 2019.1.1\bin;C:\Users\juanc\AppData\Roaming\npm;C:\Users\juanc\AppData\Roaming\nvm;C:\Program Files\nodejs;C:\Program Files\Git\usr\bin\vendor_perl;C:\Program Files\Git\usr\bin\core_perl

Yarn version: 
  1.16.0

Node version: 
  10.16.0

Platform: 
  win32 x64

Trace: 
  Error: https://registry.yarnpkg.com/lottie-react-native/-/lottie-react-native-2.5.0.tgz: ESOCKETTIMEDOUT
      at ClientRequest.<anonymous> (C:\Users\juanc\AppData\Roaming\npm\node_modules\yarn\lib\cli.js:130217:19)
      at Object.onceWrapper (events.js:286:20)
      at ClientRequest.emit (events.js:198:13)
      at TLSSocket.emitRequestTimeout (_http_client.js:662:40)
      at Object.onceWrapper (events.js:286:20)
      at TLSSocket.emit (events.js:198:13)
      at TLSSocket.Socket._onTimeout (net.js:442:8)
      at ontimeout (timers.js:436:11)
      at tryOnTimeout (timers.js:300:5)
      at listOnTimeout (timers.js:263:5)

npm manifest: 
  {
    "main": "node_modules/expo/AppEntry.js",
    "scripts": {
      "start": "expo start",
      "android": "expo start --android",
      "ios": "expo start --ios",
      "eject": "expo eject"
    },
    "dependencies": {
      "axios": "^0.19.0",
      "bootstrap": "^4.3.1",
      "expo": "^32.0.0",
      "link": "^0.1.5",
      "node": "^12.4.0",
      "react": "^16.5.0",
      "react-dom": "^16.8.6",
      "react-native": "https://github.com/expo/react-native/archive/sdk-32.0.0.tar.gz",
      "react-navigation": "^3.11.0",
      "react-router-dom": "^5.0.0",
      "reactstrap": "^8.0.0",
      "sharp": "^0.22.1"
    },
    "devDependencies": {
      "babel-preset-expo": "^5.0.0",
      "schedule": "^0.4.0"
    },
    "private": true
  }

yarn manifest: 
  No manifest

Lockfile: 
  No lockfile
